<?xml version="1.0" encoding="UTF-8"?>
<!-- Generated by org.testng.reporters.JUnitReportReporter -->
<testsuite hostname="DELL-C0HKRC2" failures="0" tests="2" name="pruebas.Laboratorio4" time="23.504" errors="0" timestamp="2021-05-08T11:23:15 ART" skipped="0">
  <testcase classname="pruebas.Laboratorio4" name="login" time="15.879"/>
  <system-out/>
  <testcase classname="pruebas.Laboratorio4" name="buscar" time="7.625"/>
  <system-out/>
</testsuite> <!-- pruebas.Laboratorio4 -->
