<?xml version="1.0" encoding="UTF-8"?>
<!-- Generated by org.testng.reporters.JUnitReportReporter -->
<testsuite hostname="DELL-C0HKRC2" failures="0" tests="1" name="pruebas.Laboratorio3_E1" time="8.334" errors="0" timestamp="2021-05-08T10:43:47 ART" skipped="0">
  <testcase classname="pruebas.Laboratorio3_E1" name="registroUsuario" time="8.334"/>
  <system-out/>
</testsuite> <!-- pruebas.Laboratorio3_E1 -->
