<?xml version="1.0" encoding="UTF-8"?>
<!-- Generated by org.testng.reporters.JUnitReportReporter -->
<testsuite hostname="DELL-C0HKRC2" failures="0" tests="1" name="pruebas.Laboratorio1_E1" time="7.869" errors="0" timestamp="2021-04-27T18:16:19 ART" skipped="0">
  <testcase classname="pruebas.Laboratorio1_E1" name="registroUsuario" time="7.869"/>
  <system-out/>
</testsuite> <!-- pruebas.Laboratorio1_E1 -->
