<?xml version="1.0" encoding="UTF-8"?>
<!-- Generated by org.testng.reporters.JUnitReportReporter -->
<testsuite hostname="DELL-C0HKRC2" failures="0" tests="2" name="pruebas.Laboratorio5" time="27.566" errors="0" timestamp="2021-05-08T11:30:22 ART" skipped="0">
  <testcase classname="pruebas.Laboratorio5" name="login" time="12.433"/>
  <system-out/>
  <testcase classname="pruebas.Laboratorio5" name="login" time="15.133"/>
  <system-out/>
</testsuite> <!-- pruebas.Laboratorio5 -->
