<?xml version="1.0" encoding="UTF-8"?>
<!-- Generated by org.testng.reporters.JUnitReportReporter -->
<testsuite hostname="DELL-C0HKRC2" failures="0" tests="1" name="Edit.EducacionITSabado.Laboratorio2" time="14.892" errors="0" timestamp="2021-04-24T12:46:58 ART" skipped="0">
  <testcase classname="Edit.EducacionITSabado.Laboratorio2" name="lab2_E1" time="14.892"/>
  <system-out/>
</testsuite> <!-- Edit.EducacionITSabado.Laboratorio2 -->
