<?xml version="1.0" encoding="UTF-8"?>
<!-- Generated by org.testng.reporters.JUnitReportReporter -->
<testsuite hostname="DELL-C0HKRC2" failures="0" tests="3" name="Edit.EducacionITSabado.Laboratorio1" time="19.657" errors="0" timestamp="2021-04-24T12:46:58 ART" skipped="0">
  <testcase classname="Edit.EducacionITSabado.Laboratorio1" name="lab1_E1" time="5.035"/>
  <system-out/>
  <testcase classname="Edit.EducacionITSabado.Laboratorio1" name="lab1_E3" time="4.393"/>
  <system-out/>
  <testcase classname="Edit.EducacionITSabado.Laboratorio1" name="lab1_E2" time="10.229"/>
  <system-out/>
</testsuite> <!-- Edit.EducacionITSabado.Laboratorio1 -->
